<?xml version="1.0" encoding="UTF-8"?>
<!-- Generated by org.testng.reporters.JUnitXMLReporter -->
<testsuite hostname="INBLL000516" ignored="0" name="FirefoxTest" tests="4" failures="0" timestamp="2022-01-12T16:06:06 IST" time="0.042" errors="0">
  <testcase name="@BeforeTest setup" time="-1.641983766263E9" classname="com.psl.OpenCart.Tests.ShoppingCartPFTest">
    <failure type="org.testng.TestNGException" message="
Can inject only one of &amp;lt;ITestContext, XmlTest&amp;gt; into a @BeforeTest annotated setup.
For more information on native dependency injection please refer to https://testng.org/doc/documentation-main.html#native-dependency-injection">
      <![CDATA[org.testng.TestNGException: 
Can inject only one of <ITestContext, XmlTest> into a @BeforeTest annotated setup.
For more information on native dependency injection please refer to https://testng.org/doc/documentation-main.html#native-dependency-injection
... Removed 21 stack frames]]>
    </failure>
  </testcase> <!-- @BeforeTest setup -->
  <testcase name="@AfterTest closeBrowsers" time="-1.641983766301E9" classname="com.psl.OpenCart.Tests.ShoppingCartPFTest">
    <skipped/>
  </testcase> <!-- @AfterTest closeBrowsers -->
  <testcase name="validateShoppingCartPFUpdateFunc" time="0.0" classname="com.psl.OpenCart.Tests.ShoppingCartPFTest">
    <skipped/>
  </testcase> <!-- validateShoppingCartPFUpdateFunc -->
  <testcase name="validateShoppingCartFinalTotalPriceCheck" time="0.0" classname="com.psl.OpenCart.Tests.ShoppingCartPFTest">
    <skipped/>
  </testcase> <!-- validateShoppingCartFinalTotalPriceCheck -->
  <testcase name="validateAddCouponFunc" time="0.0" classname="com.psl.OpenCart.Tests.ShoppingCartPFTest">
    <skipped/>
  </testcase> <!-- validateAddCouponFunc -->
  <testcase name="validateShoppingCartRemoveFunc" time="0.0" classname="com.psl.OpenCart.Tests.ShoppingCartPFTest">
    <skipped/>
  </testcase> <!-- validateShoppingCartRemoveFunc -->
</testsuite> <!-- FirefoxTest -->
