<?xml version="1.0" encoding="UTF-8"?>
<!-- Generated by org.testng.reporters.JUnitReportReporter -->
<testsuite skipped="0" hostname="INBLL000516" name="com.psl.OpenCart.Tests.RegistrationTest" tests="13" failures="1" timestamp="2022-01-12T11:59:16 IST" time="6.239" errors="0">
  <testcase name="openBrowserTest" time="4.445" classname="com.psl.OpenCart.Tests.RegistrationTest"/>
  <system-out/>
  <testcase name="openRegisterPage" time="0.675" classname="com.psl.OpenCart.Tests.RegistrationTest"/>
  <system-out/>
  <testcase name="firstnameTest" time="0.090" classname="com.psl.OpenCart.Tests.RegistrationTest"/>
  <system-out/>
  <testcase name="lastnameTest" time="0.060" classname="com.psl.OpenCart.Tests.RegistrationTest"/>
  <system-out/>
  <testcase name="emailTest" time="0.053" classname="com.psl.OpenCart.Tests.RegistrationTest"/>
  <system-out/>
  <testcase name="telephoneTest" time="0.045" classname="com.psl.OpenCart.Tests.RegistrationTest"/>
  <system-out/>
  <testcase name="passswordTest" time="0.048" classname="com.psl.OpenCart.Tests.RegistrationTest"/>
  <system-out/>
  <testcase name="confirmTest" time="0.050" classname="com.psl.OpenCart.Tests.RegistrationTest"/>
  <system-out/>
  <testcase name="selectNewsletterTest" time="0.055" classname="com.psl.OpenCart.Tests.RegistrationTest"/>
  <system-out/>
  <testcase name="agreeTest" time="0.036" classname="com.psl.OpenCart.Tests.RegistrationTest"/>
  <system-out/>
  <testcase name="continueTest" time="0.522" classname="com.psl.OpenCart.Tests.RegistrationTest"/>
  <system-out/>
  <testcase name="createdTest" time="0.015" classname="com.psl.OpenCart.Tests.RegistrationTest">
    <failure type="java.lang.AssertionError" message="expected [Register Account] but found [Your Account Has Been Created!]">
      <![CDATA[java.lang.AssertionError: expected [Register Account] but found [Your Account Has Been Created!]
at org.testng.Assert.fail(Assert.java:99)
at org.testng.Assert.failNotEquals(Assert.java:1037)
at org.testng.Assert.assertEqualsImpl(Assert.java:140)
at org.testng.Assert.assertEquals(Assert.java:122)
at org.testng.Assert.assertEquals(Assert.java:629)
at org.testng.Assert.assertEquals(Assert.java:639)
at com.psl.OpenCart.Tests.RegistrationTest.createdTest(RegistrationTest.java:108)
at sun.reflect.NativeMethodAccessorImpl.invoke0(Native Method)
at sun.reflect.NativeMethodAccessorImpl.invoke(NativeMethodAccessorImpl.java:62)
at sun.reflect.DelegatingMethodAccessorImpl.invoke(DelegatingMethodAccessorImpl.java:43)
at java.lang.reflect.Method.invoke(Method.java:498)
at org.testng.internal.MethodInvocationHelper.invokeMethod(MethodInvocationHelper.java:133)
at org.testng.internal.TestInvoker.invokeMethod(TestInvoker.java:598)
at org.testng.internal.TestInvoker.invokeTestMethod(TestInvoker.java:173)
at org.testng.internal.MethodRunner.runInSequence(MethodRunner.java:46)
at org.testng.internal.TestInvoker$MethodInvocationAgent.invoke(TestInvoker.java:824)
at org.testng.internal.TestInvoker.invokeTestMethods(TestInvoker.java:146)
at org.testng.internal.TestMethodWorker.invokeTestMethods(TestMethodWorker.java:146)
at org.testng.internal.TestMethodWorker.run(TestMethodWorker.java:128)
at java.util.ArrayList.forEach(ArrayList.java:1249)
at org.testng.TestRunner.privateRun(TestRunner.java:794)
at org.testng.TestRunner.run(TestRunner.java:596)
at org.testng.SuiteRunner.runTest(SuiteRunner.java:377)
at org.testng.SuiteRunner.runSequentially(SuiteRunner.java:371)
at org.testng.SuiteRunner.privateRun(SuiteRunner.java:332)
at org.testng.SuiteRunner.run(SuiteRunner.java:276)
at org.testng.SuiteRunnerWorker.runSuite(SuiteRunnerWorker.java:53)
at org.testng.SuiteRunnerWorker.run(SuiteRunnerWorker.java:96)
at org.testng.TestNG.runSuitesSequentially(TestNG.java:1212)
at org.testng.TestNG.runSuitesLocally(TestNG.java:1134)
at org.testng.TestNG.runSuites(TestNG.java:1063)
at org.testng.TestNG.run(TestNG.java:1031)
at org.testng.remote.AbstractRemoteTestNG.run(AbstractRemoteTestNG.java:115)
at org.testng.remote.RemoteTestNG.initAndRun(RemoteTestNG.java:251)
at org.testng.remote.RemoteTestNG.main(RemoteTestNG.java:77)
]]>
    </failure>
  </testcase> <!-- createdTest -->
  <system-out/>
  <testcase name="closeBrowserTest" time="0.145" classname="com.psl.OpenCart.Tests.RegistrationTest"/>
  <system-out/>
</testsuite> <!-- com.psl.OpenCart.Tests.RegistrationTest -->
